\BOOKMARK [1][-]{section.1}{\376\377\200\314\146\157\116\313\176\315}{}% 1
\BOOKMARK [1][-]{section.2}{\376\377\133\236\232\214\166\356\166\204}{}% 2
\BOOKMARK [1][-]{section.3}{\376\377\116\373\122\241\143\317\217\360}{}% 3
\BOOKMARK [2][-]{subsection.3.1}{\376\377\145\160\143\156\166\204\154\107\140\073\176\337\213\241\122\006\147\220}{section.3}% 4
\BOOKMARK [2][-]{subsection.3.2}{\376\377\145\160\143\156\166\204\123\357\211\306\123\026}{section.3}% 5
\BOOKMARK [3][-]{subsubsection.3.2.1}{\376\377\147\204\136\372\121\161\210\150\217\276\177\121\176\334\136\166\123\357\211\306\123\026}{subsection.3.2}% 6
\BOOKMARK [1][-]{section.4}{\376\377\145\160\143\156\143\317\217\360}{}% 7
\BOOKMARK [2][-]{subsection.4.1}{\376\377\000V\000i\000s\000i\000u\000m\000\137\000H\000u\000m\000a\000n\000\137\000B\000r\000e\000a\000s\000t\000\137\000C\000a\000n\000c\000e\000r\000\137\000f\000i\000l\000t\000e\000r\000e\000d\000\137\000f\000e\000a\000t\000u\000r\000e\000\040\000\040\000b\000c\000\137\000m\000a\000t\000r\000i\000x\000.\000t\000a\000r\000.\000g\000z\124\214\000B\000r\000e\000a\000s\000t\000\137\000C\000a\000n\000c\000e\000r\000\137\0003\000p\000\137\000f\000i\000l\000t\000e\000r\000e\000d\000\137\000\040\000\040\000f\000e\000a\000t\000u\000r\000e\000\137\000b\000c\000\137\000m\000a\000t\000r\000i\000x}{section.4}% 8
\BOOKMARK [2][-]{subsection.4.2}{\376\377\000G\000S\000E\0002\0001\0002\0008\0009\0000\000\040\145\160\143\156\226\306}{section.4}% 9
\BOOKMARK [1][-]{section.5}{\376\377\133\236\232\214\123\237\164\006}{}% 10
\BOOKMARK [1][-]{section.6}{\376\377\133\236\232\214\163\257\130\203}{}% 11
\BOOKMARK [1][-]{section.7}{\376\377\122\006\147\220\153\145\232\244}{}% 12
\BOOKMARK [2][-]{subsection.7.1}{\376\377\145\160\143\156\166\204\154\107\140\073\176\337\213\241\122\006\147\220}{section.7}% 13
\BOOKMARK [3][-]{subsubsection.7.1.1}{\376\377\123\125\116\052\176\306\200\336\377\010\150\067\147\054\377\011\127\372\126\340\210\150\217\276\166\204\123\326\120\074\203\003\126\364}{subsection.7.1}% 14
\BOOKMARK [3][-]{subsubsection.7.1.2}{\376\377\145\160\143\156\167\351\226\065\116\055\040\034\0000\040\035\166\204\121\372\163\260\116\016\124\053\116\111\377\014\176\337\213\241\176\323\147\234\116\016\131\004\164\006\145\271\150\110}{subsection.7.1}% 15
\BOOKMARK [3][-]{subsubsection.7.1.3}{\376\377\127\107\120\074\060\001\145\271\135\356\173\111\166\204\176\337\213\241\122\006\147\220\176\323\147\234}{subsection.7.1}% 16
\BOOKMARK [2][-]{subsection.7.2}{\376\377\145\160\143\156\166\204\123\357\211\306\123\026}{section.7}% 17
\BOOKMARK [3][-]{subsubsection.7.2.1}{\376\377\123\357\211\306\123\026\176\323\147\234}{subsection.7.2}% 18
\BOOKMARK [3][-]{subsubsection.7.2.2}{\376\377\122\006\147\220\124\214\140\073\176\323}{subsection.7.2}% 19
\BOOKMARK [2][-]{subsection.7.3}{\376\377\147\204\136\372\121\161\210\150\217\276\177\121\176\334\136\166\123\357\211\306\123\026}{section.7}% 20
\BOOKMARK [3][-]{subsubsection.7.3.1}{\376\377\127\372\126\340\133\371\116\113\225\364\166\204\166\256\134\024\150\356\166\370\121\163\174\373\145\160\116\016\121\161\210\150\217\276\177\121\176\334}{subsection.7.3}% 21
\BOOKMARK [3][-]{subsubsection.7.3.2}{\376\377\176\306\200\336\116\113\225\364\166\204\166\370\117\074\140\047\116\016\166\370\117\074\140\047\177\121\176\334}{subsection.7.3}% 22
\BOOKMARK [1][-]{section.8}{\376\377\133\236\232\214\176\323\147\234\123\312\123\357\211\306\123\026}{}% 23
\BOOKMARK [2][-]{subsection.8.1}{\376\377\145\160\143\156\166\204\154\107\140\073\176\337\213\241\122\006\147\220}{section.8}% 24
\BOOKMARK [3][-]{subsubsection.8.1.1}{\376\377\123\125\116\052\176\306\200\336\377\010\150\067\147\054\377\011\127\372\126\340\210\150\217\276\166\204\123\326\120\074\203\003\126\364}{subsection.8.1}% 25
\BOOKMARK [3][-]{subsubsection.8.1.2}{\376\377\145\160\143\156\167\351\226\065\116\055\040\034\0000\040\035\166\204\121\372\163\260\116\016\124\053\116\111\377\014\176\337\213\241\176\323\147\234\116\016\131\004\164\006\145\271\150\110}{subsection.8.1}% 26
\BOOKMARK [3][-]{subsubsection.8.1.3}{\376\377\127\107\120\074\060\001\145\271\135\356\173\111\166\204\176\337\213\241\122\006\147\220\176\323\147\234}{subsection.8.1}% 27
\BOOKMARK [2][-]{subsection.8.2}{\376\377\145\160\143\156\166\204\123\357\211\306\123\026}{section.8}% 28
\BOOKMARK [3][-]{subsubsection.8.2.1}{\376\377\123\357\211\306\123\026\176\323\147\234}{subsection.8.2}% 29
\BOOKMARK [3][-]{subsubsection.8.2.2}{\376\377\122\006\147\220\124\214\140\073\176\323}{subsection.8.2}% 30
\BOOKMARK [2][-]{subsection.8.3}{\376\377\147\204\136\372\121\161\210\150\217\276\177\121\176\334\136\166\123\357\211\306\123\026}{section.8}% 31
\BOOKMARK [3][-]{subsubsection.8.3.1}{\376\377\127\372\126\340\133\371\116\113\225\364\166\204\166\256\134\024\150\356\166\370\121\163\174\373\145\160\116\016\121\161\210\150\217\276\177\121\176\334}{subsection.8.3}% 32
\BOOKMARK [3][-]{subsubsection.8.3.2}{\376\377\176\306\200\336\116\113\225\364\166\204\166\370\117\074\140\047\116\016\166\370\117\074\140\047\177\121\176\334}{subsection.8.3}% 33
\BOOKMARK [1][-]{section.9}{\376\377\176\323\147\234\122\006\147\220}{}% 34
\BOOKMARK [2][-]{subsection.9.1}{\376\377\145\160\143\156\166\204\154\107\140\073\176\337\213\241\122\006\147\220}{section.9}% 35
\BOOKMARK [3][-]{subsubsection.9.1.1}{\376\377\123\125\116\052\176\306\200\336\377\010\150\067\147\054\377\011\127\372\126\340\210\150\217\276\166\204\123\326\120\074\203\003\126\364}{subsection.9.1}% 36
\BOOKMARK [3][-]{subsubsection.9.1.2}{\376\377\145\160\143\156\167\351\226\065\116\055\040\034\0000\040\035\166\204\121\372\163\260\116\016\124\053\116\111\377\014\176\337\213\241\176\323\147\234\116\016\131\004\164\006\145\271\150\110}{subsection.9.1}% 37
\BOOKMARK [3][-]{subsubsection.9.1.3}{\376\377\127\107\120\074\060\001\145\271\135\356\173\111\166\204\176\337\213\241\122\006\147\220\176\323\147\234}{subsection.9.1}% 38
\BOOKMARK [2][-]{subsection.9.2}{\376\377\145\160\143\156\166\204\123\357\211\306\123\026}{section.9}% 39
\BOOKMARK [3][-]{subsubsection.9.2.1}{\376\377\123\357\211\306\123\026\176\323\147\234}{subsection.9.2}% 40
\BOOKMARK [3][-]{subsubsection.9.2.2}{\376\377\122\006\147\220\124\214\140\073\176\323}{subsection.9.2}% 41
\BOOKMARK [2][-]{subsection.9.3}{\376\377\147\204\136\372\121\161\210\150\217\276\177\121\176\334\136\166\123\357\211\306\123\026}{section.9}% 42
\BOOKMARK [3][-]{subsubsection.9.3.1}{\376\377\127\372\126\340\133\371\116\113\225\364\166\204\166\256\134\024\150\356\166\370\121\163\174\373\145\160\116\016\121\161\210\150\217\276\177\121\176\334}{subsection.9.3}% 43
\BOOKMARK [3][-]{subsubsection.9.3.2}{\376\377\176\306\200\336\116\113\225\364\166\204\166\370\117\074\140\047\116\016\166\370\117\074\140\047\177\121\176\334}{subsection.9.3}% 44
\BOOKMARK [1][-]{section.10}{\376\377\133\236\232\214\213\250\213\272}{}% 45
\BOOKMARK [2][-]{subsection.10.1}{\376\377\117\030\177\072\160\271\122\006\147\220}{section.10}% 46
\BOOKMARK [2][-]{subsection.10.2}{\376\377\145\071\217\333\145\271\154\325}{section.10}% 47
\BOOKMARK [1][-]{section.11}{\376\377\137\303\137\227\117\123\117\032}{}% 48
\BOOKMARK [1][-]{section.12}{\376\377\123\302\200\003\145\207\163\056}{}% 49
