\BOOKMARK [1][-]{section.1}{\376\377\200\314\146\157\116\313\176\315}{}% 1
\BOOKMARK [1][-]{section.2}{\376\377\133\236\232\214\166\356\166\204}{}% 2
\BOOKMARK [1][-]{section.3}{\376\377\163\257\130\203\221\115\177\156\166\356\166\204}{}% 3
\BOOKMARK [1][-]{section.4}{\376\377\133\236\232\214\167\345\213\306}{}% 4
\BOOKMARK [1][-]{section.5}{\376\377\133\236\232\214\211\201\154\102}{}% 5
\BOOKMARK [1][-]{section.6}{\376\377\133\236\232\214\123\237\164\006}{}% 6
\BOOKMARK [1][-]{section.7}{\376\377\133\236\232\214\163\257\130\203}{}% 7
\BOOKMARK [1][-]{section.8}{\376\377\133\236\232\214\153\145\232\244\116\016\176\323\147\234\142\052\126\376}{}% 8
\BOOKMARK [2][-]{subsection.8.1}{\376\377\000L\000i\000n\000u\000x\163\257\130\203\221\115\177\156}{section.8}% 9
\BOOKMARK [3][-]{subsubsection.8.1.1}{\376\377\116\373\122\241\0001\377\032\211\343\123\213\177\051\000J\000D\000K\133\211\210\305\123\005}{subsection.8.1}% 10
\BOOKMARK [3][-]{subsubsection.8.1.2}{\376\377\116\373\122\241\0002\377\032\221\115\177\156\000J\000D\000K\163\257\130\203\123\330\221\317}{subsection.8.1}% 11
\BOOKMARK [3][-]{subsubsection.8.1.3}{\376\377\116\373\122\241\0003\377\032\000S\000S\000H\147\015\122\241\203\267\123\326\121\154\224\245\171\301\224\245}{subsection.8.1}% 12
\BOOKMARK [3][-]{subsubsection.8.1.4}{\376\377\116\373\122\241\0004\377\032\000S\000S\000H\143\210\147\103\136\166\232\214\213\301\166\173\137\125}{subsection.8.1}% 13
\BOOKMARK [2][-]{subsection.8.2}{\376\377\000H\000D\000F\000S\117\052\122\006\136\003\137\017\226\306\177\244\144\055\136\372}{section.8}% 14
\BOOKMARK [3][-]{subsubsection.8.2.1}{\376\377\116\373\122\241\0001\377\032\150\300\155\113\000J\000D\000K\163\257\130\203\377\014\211\343\123\213\133\211\210\305\123\005}{subsection.8.2}% 15
\BOOKMARK [3][-]{subsubsection.8.2.2}{\376\377\116\373\122\241\0002\377\032\221\115\177\156\145\207\116\366}{subsection.8.2}% 16
\BOOKMARK [3][-]{subsubsection.8.2.3}{\376\377\116\373\122\241\0003\377\032\221\115\177\156\000H\000a\000d\000o\000o\000p\163\257\130\203\123\330\221\317}{subsection.8.2}% 17
\BOOKMARK [3][-]{subsubsection.8.2.4}{\376\377\116\373\122\241\0004\377\032\000H\000D\000F\000S\226\306\177\244\155\113\213\325}{subsection.8.2}% 18
\BOOKMARK [2][-]{subsection.8.3}{\376\377\000Y\000A\000R\000N\117\052\122\006\136\003\137\017\226\306\177\244\144\055\136\372}{section.8}% 19
\BOOKMARK [3][-]{subsubsection.8.3.1}{\376\377\116\373\122\241\0001\377\032\221\115\177\156\163\257\130\203\123\330\221\317}{subsection.8.3}% 20
\BOOKMARK [3][-]{subsubsection.8.3.2}{\376\377\116\373\122\241\0002\377\032\221\115\177\156\213\241\173\227\150\106\147\266}{subsection.8.3}% 21
\BOOKMARK [3][-]{subsubsection.8.3.3}{\376\377\116\373\122\241\0003\377\032\221\115\177\156\000Y\000A\000R\000N\174\373\176\337}{subsection.8.3}% 22
\BOOKMARK [3][-]{subsubsection.8.3.4}{\376\377\116\373\122\241\0004\377\032\124\057\122\250\150\300\155\113\000Y\000A\000R\000N\226\306\177\244}{subsection.8.3}% 23
\BOOKMARK [2][-]{subsection.8.4}{\376\377\000H\000a\000d\000o\000o\000p\122\035\117\123\232\214\040\024\040\024\000P\000I\120\074\213\241\173\227}{section.8}% 24
\BOOKMARK [1][-]{section.9}{\376\377\176\323\147\234\122\006\147\220}{}% 25
\BOOKMARK [1][-]{section.10}{\376\377\126\360\226\276\211\343\121\263}{}% 26
\BOOKMARK [1][-]{section.11}{\376\377\137\303\137\227\117\123\117\032}{}% 27
