\BOOKMARK [1][-]{section.1}{\376\377\200\314\146\157\116\313\176\315}{}% 1
\BOOKMARK [1][-]{section.2}{\376\377\133\236\232\214\166\356\166\204}{}% 2
\BOOKMARK [1][-]{section.3}{\376\377\133\236\232\214\167\345\213\306}{}% 3
\BOOKMARK [1][-]{section.4}{\376\377\133\236\232\214\211\201\154\102}{}% 4
\BOOKMARK [1][-]{section.5}{\376\377\133\236\232\214\163\257\130\203}{}% 5
\BOOKMARK [1][-]{section.6}{\376\377\133\236\232\214\153\145\232\244}{}% 6
\BOOKMARK [2][-]{subsection.6.1}{\376\377\000M\000a\000p\000R\000e\000d\000u\000c\000e\136\217\122\027\123\026\124\214\143\222\136\217}{section.6}% 7
\BOOKMARK [3][-]{subsubsection.6.1.1}{\376\377\116\373\122\241\0001\377\032\121\306\131\007\135\345\117\134}{subsection.6.1}% 8
\BOOKMARK [3][-]{subsubsection.6.1.2}{\376\377\116\373\122\241\0002\377\032\000S\000o\000r\000t\000B\000e\000a\000n\133\236\163\260}{subsection.6.1}% 9
\BOOKMARK [3][-]{subsubsection.6.1.3}{\376\377\116\373\122\241\0003\377\032\000S\000o\000r\000t\000M\000a\000p\000p\000e\000r\133\236\163\260}{subsection.6.1}% 10
\BOOKMARK [3][-]{subsubsection.6.1.4}{\376\377\116\373\122\241\0004\377\032\000S\000o\000r\000t\000R\000e\000d\000u\000c\000e\000r\133\236\163\260}{subsection.6.1}% 11
\BOOKMARK [3][-]{subsubsection.6.1.5}{\376\377\116\373\122\241\0005\377\032\000S\000o\000r\000t\000R\000u\000n\000n\000e\000r\133\236\163\260}{subsection.6.1}% 12
\BOOKMARK [2][-]{subsection.6.2}{\376\377\000M\000a\000p\000R\000e\000d\000u\000c\000e\122\006\123\072}{section.6}% 13
\BOOKMARK [3][-]{subsubsection.6.2.1}{\376\377\145\160\143\156\150\067\117\213\377\032}{subsection.6.2}% 14
\BOOKMARK [3][-]{subsubsection.6.2.2}{\376\377\150\110\117\213\227\000\154\102}{subsection.6.2}% 15
\BOOKMARK [3][-]{subsubsection.6.2.3}{\376\377\121\306\131\007\135\345\117\134}{subsection.6.2}% 16
\BOOKMARK [3][-]{subsubsection.6.2.4}{\376\377\172\013\136\217\133\236\163\260}{subsection.6.2}% 17
\BOOKMARK [3][-]{subsubsection.6.2.5}{\376\377\147\345\167\013\176\323\147\234\145\207\116\366}{subsection.6.2}% 18
\BOOKMARK [2][-]{subsection.6.3}{\376\377\000M\000a\000p\000R\000e\000d\000u\000c\000e\166\204\000C\000o\000m\000b\000i\000n\000e\000r}{section.6}% 19
\BOOKMARK [2][-]{subsection.6.4}{\376\377\000M\000a\000p\000R\000e\000d\000u\000c\000e\166\204\201\352\133\232\116\111\122\006\176\304}{section.6}% 20
\BOOKMARK [3][-]{subsubsection.6.4.1}{\376\377\116\373\122\241\0001\377\032\000G\000r\000o\000u\000p\000B\000e\000a\000n\174\173\133\236\163\260}{subsection.6.4}% 21
\BOOKMARK [3][-]{subsubsection.6.4.2}{\376\377\116\373\122\241\0002\377\032\122\006\123\072\122\006\176\304\133\236\163\260}{subsection.6.4}% 22
\BOOKMARK [3][-]{subsubsection.6.4.3}{\376\377\116\373\122\241\0003\377\032\116\073\172\013\136\217\116\345\123\312\000M\000a\000p\377\014\000R\000e\000d\000u\000c\000e\172\357\133\236\163\260}{subsection.6.4}% 23
\BOOKMARK [1][-]{section.7}{\376\377\176\323\147\234\122\006\147\220}{}% 24
\BOOKMARK [1][-]{section.8}{\376\377\126\360\226\276\211\343\121\263}{}% 25
\BOOKMARK [1][-]{section.9}{\376\377\137\303\137\227\117\123\117\032}{}% 26
