\BOOKMARK [1][-]{section.1}{\376\377\200\314\146\157\116\313\176\315}{}% 1
\BOOKMARK [1][-]{section.2}{\376\377\133\236\232\214\166\356\166\204}{}% 2
\BOOKMARK [1][-]{section.3}{\376\377\133\236\232\214\167\345\213\306}{}% 3
\BOOKMARK [1][-]{section.4}{\376\377\133\236\232\214\211\201\154\102}{}% 4
\BOOKMARK [1][-]{section.5}{\376\377\133\236\232\214\163\257\130\203}{}% 5
\BOOKMARK [1][-]{section.6}{\376\377\133\236\232\214\153\145\232\244\116\016\176\323\147\234\122\006\147\220}{}% 6
\BOOKMARK [2][-]{subsection.6.1}{\376\377\000L\000i\000n\000u\000x\116\013\000E\000c\000l\000i\000p\000s\000e\217\336\143\245\000H\000a\000d\000o\000o\000p}{section.6}% 7
\BOOKMARK [3][-]{subsubsection.6.1.1}{\376\377\116\373\122\241\0001\377\032\000L\000i\000n\000u\000x\116\013\000E\000c\000l\000i\000p\000s\000e\217\336\143\245\000H\000a\000d\000o\000o\000p}{subsection.6.1}% 8
\BOOKMARK [3][-]{subsubsection.6.1.2}{\376\377\203\267\123\326\000F\000i\000l\000e\000S\000y\000s\000t\000e\000m\133\236\117\213\157\024\171\072}{subsection.6.1}% 9
\BOOKMARK [2][-]{subsection.6.2}{\376\377\116\012\117\040\147\345\167\013\145\207\116\366\144\315\117\134}{section.6}% 10
\BOOKMARK [3][-]{subsubsection.6.2.1}{\376\377\122\033\136\372\166\356\137\125}{subsection.6.2}% 11
\BOOKMARK [3][-]{subsubsection.6.2.2}{\376\377\116\373\122\241\0002\377\032\116\012\117\040\145\207\116\366}{subsection.6.2}% 12
\BOOKMARK [3][-]{subsubsection.6.2.3}{\376\377\116\373\122\241\0003\377\032\220\115\123\206\145\207\116\366}{subsection.6.2}% 13
\BOOKMARK [2][-]{subsection.6.3}{\376\377\117\356\145\071\122\040\226\144\145\207\116\366\144\315\117\134}{section.6}% 14
\BOOKMARK [3][-]{subsubsection.6.3.1}{\376\377\116\013\217\175\145\207\116\366}{subsection.6.3}% 15
\BOOKMARK [3][-]{subsubsection.6.3.2}{\376\377\116\373\122\241\0002\377\032\221\315\124\175\124\015\166\356\137\125\145\207\116\366}{subsection.6.3}% 16
\BOOKMARK [3][-]{subsubsection.6.3.3}{\376\377\116\373\122\241\0003\377\032\122\040\226\144\166\356\137\125\145\207\116\366}{subsection.6.3}% 17
\BOOKMARK [3][-]{subsubsection.6.3.4}{\376\377\134\017\145\207\116\366\124\010\136\166}{subsection.6.3}% 18
\BOOKMARK [1][-]{section.7}{\376\377\176\323\147\234\122\006\147\220}{}% 19
\BOOKMARK [1][-]{section.8}{\376\377\126\360\226\276\211\343\121\263}{}% 20
\BOOKMARK [1][-]{section.9}{\376\377\137\303\137\227\117\123\117\032}{}% 21
