\BOOKMARK [1][-]{section.1}{\376\377\200\314\146\157\116\313\176\315}{}% 1
\BOOKMARK [1][-]{section.2}{\376\377\133\236\232\214\166\356\166\204}{}% 2
\BOOKMARK [1][-]{section.3}{\376\377\116\373\122\241\143\317\217\360}{}% 3
\BOOKMARK [1][-]{section.4}{\376\377\145\160\143\156\143\317\217\360}{}% 4
\BOOKMARK [1][-]{section.5}{\376\377\133\236\232\214\123\237\164\006}{}% 5
\BOOKMARK [2][-]{subsection.5.1}{\376\377\116\073\142\020\122\006\122\006\147\220\377\010\000P\000C\000A\377\011}{section.5}% 6
\BOOKMARK [2][-]{subsection.5.2}{\376\377\000L\000e\000i\000d\000e\000n\173\227\154\325}{section.5}% 7
\BOOKMARK [2][-]{subsection.5.3}{\376\377\200\132\174\173\143\007\150\007}{section.5}% 8
\BOOKMARK [2][-]{subsection.5.4}{\376\377\000K\000M\377\010\000K\000u\000h\000n\000-\000M\000u\000n\000k\000r\000e\000s\377\011\173\227\154\325}{section.5}% 9
\BOOKMARK [1][-]{section.6}{\376\377\133\236\232\214\163\257\130\203}{}% 10
\BOOKMARK [1][-]{section.7}{\376\377\122\006\147\220\153\145\232\244}{}% 11
\BOOKMARK [2][-]{subsection.7.1}{\376\377\162\171\137\201\220\011\142\351\124\214\226\115\176\364}{section.7}% 12
\BOOKMARK [2][-]{subsection.7.2}{\376\377\200\132\174\173\173\227\154\325\136\224\165\050}{section.7}% 13
\BOOKMARK [2][-]{subsection.7.3}{\376\377\200\132\174\173\176\323\147\234\213\304\117\060\124\214\123\357\211\306\123\026}{section.7}% 14
\BOOKMARK [1][-]{section.8}{\376\377\133\236\232\214\176\323\147\234\116\016\123\357\211\306\123\026}{}% 15
\BOOKMARK [2][-]{subsection.8.1}{\376\377\162\171\137\201\220\011\142\351\124\214\226\115\176\364}{section.8}% 16
\BOOKMARK [2][-]{subsection.8.2}{\376\377\200\132\174\173\173\227\154\325\136\224\165\050}{section.8}% 17
\BOOKMARK [2][-]{subsection.8.3}{\376\377\200\132\174\173\176\323\147\234\213\304\117\060\124\214\123\357\211\306\123\026}{section.8}% 18
\BOOKMARK [1][-]{section.9}{\376\377\176\323\147\234\122\006\147\220}{}% 19
\BOOKMARK [1][-]{section.10}{\376\377\133\236\232\214\213\250\213\272}{}% 20
\BOOKMARK [2][-]{subsection.10.1}{\376\377\117\030\177\072\160\271\122\006\147\220}{section.10}% 21
\BOOKMARK [2][-]{subsection.10.2}{\376\377\145\071\217\333\145\271\154\325}{section.10}% 22
\BOOKMARK [1][-]{section.11}{\376\377\137\303\137\227\117\123\117\032}{}% 23
\BOOKMARK [1][-]{section.12}{\376\377\123\302\200\003\145\207\163\056}{}% 24
